<?xml version="1.0" encoding="UTF-8"?>
<!-- Generated by org.testng.reporters.JUnitReportReporter -->
<testsuite hostname="DESKTOP-0F65BGN" failures="0" tests="4" name="testForWithExtentReports.Test1" time="2.604" errors="0" timestamp="2023-01-17T15:22:47 IST" skipped="0">
  <testcase classname="testForWithExtentReports.Test1" name="skiptest" time="0.002"/>
  <system-out/>
  <testcase classname="testForWithExtentReports.Test1" name="validateTitle" time="0.011"/>
  <system-out>
    <![CDATA[Gmail: Private and secure email at no cost | Google Workspace]]>
  </system-out>
  <testcase classname="testForWithExtentReports.Test1" name="failtest" time="0.015"/>
  <system-out/>
  <testcase classname="testForWithExtentReports.Test1" name="gmailNavigate" time="2.576"/>
  <system-out>
    <![CDATA[Gmail: Private and secure email at no cost | Google Workspace]]>
  </system-out>
</testsuite> <!-- testForWithExtentReports.Test1 -->
