<?xml version="1.0" encoding="UTF-8"?>
<!-- Generated by org.testng.reporters.JUnitReportReporter -->
<testsuite hostname="DESKTOP-0F65BGN" failures="0" tests="3" name="globalSQL.TC01_ValidationPage" time="0.186" errors="0" timestamp="2023-01-18T14:46:15 IST" skipped="0">
  <testcase classname="globalSQL.TC01_ValidationPage" name="verifyCurrentURL" time="0.022"/>
  <system-out/>
  <testcase classname="globalSQL.TC01_ValidationPage" name="verifyText" time="0.101"/>
  <system-out/>
  <testcase classname="globalSQL.TC01_ValidationPage" name="validate_pageTitle" time="0.063"/>
  <system-out/>
</testsuite> <!-- globalSQL.TC01_ValidationPage -->
